2025-02-02 14:44:38 - INFO - Start polling
2025-02-02 14:44:38 - INFO - Run polling for bot @etstweryhjierh_bot id=6864118288 - 'testetstetestasdasd'
2025-02-02 14:44:50 - INFO - Update id=93923048 is handled. Duration 233 ms by bot id=6864118288
2025-02-02 14:44:51 - INFO - Connecting to 149.154.175.53:443/TcpFull...
2025-02-02 14:44:51 - INFO - Connection to 149.154.175.53:443/TcpFull complete!
2025-02-02 14:44:58 - INFO - Starting direct file download in chunks of 131072 at 0, stride 131072
2025-02-02 14:44:58 - INFO - File lives in another DC
2025-02-02 14:44:58 - INFO - Connecting to 149.154.167.41:443/TcpFull...
2025-02-02 14:45:00 - INFO - Connection to 149.154.167.41:443/TcpFull complete!
2025-02-02 14:45:00 - INFO - Exporting auth for new borrowed sender in DcOption(id=2, ip_address='149.154.167.41', port=443, ipv6=False, media_only=False, tcpo_only=False, cdn=False, static=False, this_port_only=False, secret=None)
2025-02-02 14:45:27 - INFO - Update id=93923049 is not handled. Duration 36593 ms by bot id=6864118288
2025-02-02 14:45:27 - ERROR - Cause exception while process update id=93923049 by bot id=6864118288
ApiError: [100] One of the parameters specified was missing or invalid: album_id should be greater or equal to 0
Traceback (most recent call last):
  File "c:\Users\RUSTYCHKA\AppData\Local\Programs\Python\Python312\Lib\site-packages\aiogram\dispatcher\dispatcher.py", line 309, in _process_update
    response = await self.feed_update(bot, update, **kwargs)
               ^^^^^^^^^^^^^^^^^^^^^^^^^^^^^^^^^^^^^^^^^^^^^
  File "c:\Users\RUSTYCHKA\AppData\Local\Programs\Python\Python312\Lib\site-packages\aiogram\dispatcher\dispatcher.py", line 158, in feed_update
    response = await self.update.wrap_outer_middleware(
               ^^^^^^^^^^^^^^^^^^^^^^^^^^^^^^^^^^^^^^^^
  File "c:\Users\RUSTYCHKA\AppData\Local\Programs\Python\Python312\Lib\site-packages\aiogram\dispatcher\middlewares\error.py", line 25, in __call__
    return await handler(event, data)
           ^^^^^^^^^^^^^^^^^^^^^^^^^^
  File "c:\Users\RUSTYCHKA\AppData\Local\Programs\Python\Python312\Lib\site-packages\aiogram\dispatcher\middlewares\user_context.py", line 27, in __call__
    return await handler(event, data)
           ^^^^^^^^^^^^^^^^^^^^^^^^^^
  File "c:\Users\RUSTYCHKA\AppData\Local\Programs\Python\Python312\Lib\site-packages\aiogram\fsm\middleware.py", line 41, in __call__
    return await handler(event, data)
           ^^^^^^^^^^^^^^^^^^^^^^^^^^
  File "c:\Users\RUSTYCHKA\AppData\Local\Programs\Python\Python312\Lib\site-packages\aiogram\dispatcher\event\telegram.py", line 121, in trigger
    return await wrapped_inner(event, kwargs)
           ^^^^^^^^^^^^^^^^^^^^^^^^^^^^^^^^^^
  File "c:\Users\RUSTYCHKA\AppData\Local\Programs\Python\Python312\Lib\site-packages\aiogram\dispatcher\event\handler.py", line 43, in call
    return await wrapped()
           ^^^^^^^^^^^^^^^
  File "c:\Users\RUSTYCHKA\AppData\Local\Programs\Python\Python312\Lib\site-packages\aiogram\dispatcher\dispatcher.py", line 276, in _listen_update
    return await self.propagate_event(update_type=update_type, event=event, **kwargs)
           ^^^^^^^^^^^^^^^^^^^^^^^^^^^^^^^^^^^^^^^^^^^^^^^^^^^^^^^^^^^^^^^^^^^^^^^^^^
  File "c:\Users\RUSTYCHKA\AppData\Local\Programs\Python\Python312\Lib\site-packages\aiogram\dispatcher\router.py", line 128, in propagate_event
    return await observer.wrap_outer_middleware(_wrapped, event=event, data=kwargs)
           ^^^^^^^^^^^^^^^^^^^^^^^^^^^^^^^^^^^^^^^^^^^^^^^^^^^^^^^^^^^^^^^^^^^^^^^^
  File "c:\Users\RUSTYCHKA\AppData\Local\Programs\Python\Python312\Lib\site-packages\aiogram\dispatcher\router.py", line 123, in _wrapped
    return await self._propagate_event(
           ^^^^^^^^^^^^^^^^^^^^^^^^^^^^
  File "c:\Users\RUSTYCHKA\AppData\Local\Programs\Python\Python312\Lib\site-packages\aiogram\dispatcher\router.py", line 156, in _propagate_event
    response = await router.propagate_event(update_type=update_type, event=event, **kwargs)
               ^^^^^^^^^^^^^^^^^^^^^^^^^^^^^^^^^^^^^^^^^^^^^^^^^^^^^^^^^^^^^^^^^^^^^^^^^^^^
  File "c:\Users\RUSTYCHKA\AppData\Local\Programs\Python\Python312\Lib\site-packages\aiogram\dispatcher\router.py", line 128, in propagate_event
    return await observer.wrap_outer_middleware(_wrapped, event=event, data=kwargs)
           ^^^^^^^^^^^^^^^^^^^^^^^^^^^^^^^^^^^^^^^^^^^^^^^^^^^^^^^^^^^^^^^^^^^^^^^^
  File "c:\Users\RUSTYCHKA\AppData\Local\Programs\Python\Python312\Lib\site-packages\aiogram\dispatcher\router.py", line 123, in _wrapped
    return await self._propagate_event(
           ^^^^^^^^^^^^^^^^^^^^^^^^^^^^
  File "c:\Users\RUSTYCHKA\AppData\Local\Programs\Python\Python312\Lib\site-packages\aiogram\dispatcher\router.py", line 148, in _propagate_event
    response = await observer.trigger(event, **kwargs)
               ^^^^^^^^^^^^^^^^^^^^^^^^^^^^^^^^^^^^^^^
  File "c:\Users\RUSTYCHKA\AppData\Local\Programs\Python\Python312\Lib\site-packages\aiogram\dispatcher\event\telegram.py", line 121, in trigger
    return await wrapped_inner(event, kwargs)
           ^^^^^^^^^^^^^^^^^^^^^^^^^^^^^^^^^^
  File "c:\Users\RUSTYCHKA\AppData\Local\Programs\Python\Python312\Lib\site-packages\aiogram\dispatcher\event\handler.py", line 43, in call
    return await wrapped()
           ^^^^^^^^^^^^^^^
  File "C:\Users\RUSTYCHKA\Desktop\new_vk_project\handlers\start.py", line 83, in start_callback
    video = upload.video(
            ^^^^^^^^^^^^^
  File "c:\Users\RUSTYCHKA\AppData\Local\Programs\Python\Python312\Lib\site-packages\vk_api\upload.py", line 373, in video
    response = self.vk.video.save(**values)
               ^^^^^^^^^^^^^^^^^^^^^^^^^^^^
  File "c:\Users\RUSTYCHKA\AppData\Local\Programs\Python\Python312\Lib\site-packages\vk_api\vk_api.py", line 737, in __call__
    return self._vk.method(self._method, kwargs)
           ^^^^^^^^^^^^^^^^^^^^^^^^^^^^^^^^^^^^^
  File "c:\Users\RUSTYCHKA\AppData\Local\Programs\Python\Python312\Lib\site-packages\vk_api\vk_api.py", line 697, in method
    raise error
vk_api.exceptions.ApiError: [100] One of the parameters specified was missing or invalid: album_id should be greater or equal to 0
